<?xml version="1.0" encoding="UTF-8"?>
<robot generator="Robot 6.1.1 (Python 3.10.6 on linux)" generated="20230911 17:57:44.560" rpa="false" schemaversion="4">
<suite id="s1" name="Madgical-Kids-News" source="/home/aadil/Documents/python/madgical-kids-new/madgical-kids-news.robot">
<test id="s1-t1" name="List of articles related to &quot;General News&quot;" line="127">
<kw name="Open Browser" library="SeleniumLibrary">
<arg>${website_url}</arg>
<arg>Chrome</arg>
<doc>Opens a new browser instance to the optional ``url``.</doc>
<msg timestamp="20230911 17:57:44.927" level="INFO">Opening browser 'Chrome' to base url 'http://madgical-kids-times.s3-website.ap-south-1.amazonaws.com/'.</msg>
<status status="PASS" starttime="20230911 17:57:44.925" endtime="20230911 17:57:47.475"/>
</kw>
<kw name="Maximize Browser Window" library="SeleniumLibrary">
<doc>Maximizes current browser window.</doc>
<status status="PASS" starttime="20230911 17:57:47.476" endtime="20230911 17:57:47.586"/>
</kw>
<kw name="Click Element" library="SeleniumLibrary">
<arg>xpath=//*[@id="root"]/div/div[2]/div[1]</arg>
<doc>Click the element identified by ``locator``.</doc>
<msg timestamp="20230911 17:57:47.589" level="INFO">Clicking element 'xpath=//*[@id="root"]/div/div[2]/div[1]'.</msg>
<status status="PASS" starttime="20230911 17:57:47.587" endtime="20230911 17:57:47.689"/>
</kw>
<kw name="Wait Until Element Is Visible" library="SeleniumLibrary">
<arg>class=articles_card_block__KJy8k</arg>
<doc>Waits until the element ``locator`` is visible.</doc>
<status status="PASS" starttime="20230911 17:57:47.690" endtime="20230911 17:57:47.961"/>
</kw>
<kw name="Get WebElements" library="SeleniumLibrary">
<var>@{elements}</var>
<arg>xpath=//*[@id="root"]/div/div[3]</arg>
<doc>Returns a list of WebElement objects matching the ``locator``.</doc>
<msg timestamp="20230911 17:57:48.008" level="INFO">@{elements} = [ &lt;selenium.webdriver.remote.webelement.WebElement (session="308816a5650e656b36999a2887a9b098", element="01E9D71B6653A130796EDD4C757F6DD5_element_53")&gt; ]</msg>
<status status="PASS" starttime="20230911 17:57:47.962" endtime="20230911 17:57:48.008"/>
</kw>
<for flavor="IN">
<var>${element}</var>
<value>@{elements}</value>
<iter>
<var name="${element}">&lt;selenium.webdriver.remote.webelement.WebElement (session="308816a5650e656b36999a2887a9b098", element="01E9D71B6653A130796EDD4C757F6DD5_element_53")&gt;</var>
<kw name="Log" library="BuiltIn">
<arg>${element[2]}</arg>
<doc>Logs the given message with the given level.</doc>
<msg timestamp="20230911 17:57:48.013" level="FAIL">Resolving variable '${element[2]}' failed: TypeError: 'WebElement' object is not subscriptable</msg>
<status status="FAIL" starttime="20230911 17:57:48.011" endtime="20230911 17:57:48.014"/>
</kw>
<status status="FAIL" starttime="20230911 17:57:48.011" endtime="20230911 17:57:48.014"/>
</iter>
<status status="FAIL" starttime="20230911 17:57:48.010" endtime="20230911 17:57:48.015"/>
</for>
<status status="FAIL" starttime="20230911 17:57:44.923" endtime="20230911 17:57:48.016">Resolving variable '${element[2]}' failed: TypeError: 'WebElement' object is not subscriptable</status>
</test>
<status status="FAIL" starttime="20230911 17:57:44.568" endtime="20230911 17:57:48.019"/>
</suite>
<statistics>
<total>
<stat pass="0" fail="1" skip="0">All Tests</stat>
</total>
<tag>
</tag>
<suite>
<stat pass="0" fail="1" skip="0" id="s1" name="Madgical-Kids-News">Madgical-Kids-News</stat>
</suite>
</statistics>
<errors>
<msg timestamp="20230911 17:57:44.920" level="WARN">Imported library 'PIL' contains no keywords.</msg>
</errors>
</robot>
